<?xml version="1.0" encoding="UTF-8"?>
<!-- Generated by org.testng.reporters.JUnitReportReporter -->
<testsuite hostname="DESKTOP-RHAVO5R" failures="0" tests="1" name="com.raghib.selenium.grid2.TestOnChromeBrowser" time="5.769" errors="0" timestamp="2023-07-23T00:15:21 IST" skipped="0">
  <testcase classname="com.raghib.selenium.grid2.TestOnChromeBrowser" name="testOnChrome" time="5.769"/>
</testsuite> <!-- com.raghib.selenium.grid2.TestOnChromeBrowser -->
