<?xml version="1.0" encoding="UTF-8"?>
<!-- Generated by org.testng.reporters.JUnitReportReporter -->
<testsuite hostname="DESKTOP-RHAVO5R" failures="0" tests="1" name="com.raghib.selenium.grid.TestOnChromeBrowser" time="4.692" errors="0" timestamp="2023-07-23T01:05:39 IST" skipped="0">
  <testcase classname="com.raghib.selenium.grid.TestOnChromeBrowser" name="testOnChrome" time="4.692"/>
</testsuite> <!-- com.raghib.selenium.grid.TestOnChromeBrowser -->
