<?xml version="1.0" encoding="UTF-8"?>
<!-- Generated by org.testng.reporters.JUnitReportReporter -->
<testsuite hostname="DESKTOP-RHAVO5R" failures="0" tests="1" name="com.raghib.selenium.grid2.TestOnEdgeBrowser" time="6.240" errors="0" timestamp="2023-07-23T00:15:21 IST" skipped="0">
  <testcase classname="com.raghib.selenium.grid2.TestOnEdgeBrowser" name="testOnEdge" time="6.240"/>
</testsuite> <!-- com.raghib.selenium.grid2.TestOnEdgeBrowser -->
